0 info it worked if it ends with ok
1 verbose cli [ 'C:\\Program Files\\nodejs\\node.exe',
1 verbose cli   'C:\\Program Files\\nodejs\\node_modules\\npm\\bin\\npm-cli.js',
1 verbose cli   'install',
1 verbose cli   'r.js',
1 verbose cli   '-g' ]
2 info using npm@3.10.10
3 info using node@v6.10.0
4 silly loadCurrentTree Starting
5 silly install loadCurrentTree
6 silly install readGlobalPackageData
7 silly fetchPackageMetaData r.js
8 silly fetchOtherPackageData r.js
9 silly cache add args [ 'r.js', null ]
10 verbose cache add spec r.js
11 silly cache add parsed spec Result {
11 silly cache add   raw: 'r.js',
11 silly cache add   scope: null,
11 silly cache add   escapedName: 'r.js',
11 silly cache add   name: null,
11 silly cache add   rawSpec: 'r.js',
11 silly cache add   spec: 'E:\\饥人谷\\senior\\s4-模块化\\实战\\js\\lib\\r.js',
11 silly cache add   type: 'local' }
12 silly addLocalTarball shasum (computed) 9b43f76e7c0ef8e676e6dbd0d4407f4fbd19d5a5
13 verbose addTmpTarball E:\饥人谷\senior\s4-模块化\实战\js\lib\r.js not in flight; adding
14 verbose correctMkdir C:\Users\Administrator\AppData\Roaming\npm-cache correctMkdir not in flight; initializing
15 verbose addTmpTarball validating metadata from E:\饥人谷\senior\s4-模块化\实战\js\lib\r.js
16 verbose tar unpack E:\饥人谷\senior\s4-模块化\实战\js\lib\r.js
17 verbose tar unpacking to C:\Users\ADMINI~1\AppData\Local\Temp\npm-11248-3cb5cc3f\unpack-22dd9828
18 silly gentlyRm C:\Users\ADMINI~1\AppData\Local\Temp\npm-11248-3cb5cc3f\unpack-22dd9828 is being purged
19 verbose gentlyRm don't care about contents; nuking C:\Users\ADMINI~1\AppData\Local\Temp\npm-11248-3cb5cc3f\unpack-22dd9828
20 silly gunzTarPerm modes [ '777', '666' ]
21 error not a package E:\饥人谷\senior\s4-模块化\实战\js\lib\r.js
22 error addLocal Could not install E:\饥人谷\senior\s4-模块化\实战\js\lib\r.js
23 silly fetchPackageMetaData Error: ENOENT: no such file or directory, open 'C:\Users\ADMINI~1\AppData\Local\Temp\npm-11248-3cb5cc3f\unpack-22dd9828\package.json'
23 silly fetchPackageMetaData     at Error (native)
23 silly fetchPackageMetaData  error for r.js { Error: ENOENT: no such file or directory, open 'C:\Users\ADMINI~1\AppData\Local\Temp\npm-11248-3cb5cc3f\unpack-22dd9828\package.json'
23 silly fetchPackageMetaData     at Error (native)
23 silly fetchPackageMetaData   errno: -4058,
23 silly fetchPackageMetaData   code: 'ENOENT',
23 silly fetchPackageMetaData   syscall: 'open',
23 silly fetchPackageMetaData   path: 'C:\\Users\\ADMINI~1\\AppData\\Local\\Temp\\npm-11248-3cb5cc3f\\unpack-22dd9828\\package.json' }
24 silly rollbackFailedOptional Starting
25 silly rollbackFailedOptional Finishing
26 silly runTopLevelLifecycles Finishing
27 silly install printInstalled
28 verbose stack Error: ENOENT: no such file or directory, open 'C:\Users\ADMINI~1\AppData\Local\Temp\npm-11248-3cb5cc3f\unpack-22dd9828\package.json'
28 verbose stack     at Error (native)
29 verbose cwd E:\饥人谷\senior\s4-模块化\实战\js\lib
30 error Windows_NT 6.1.7601
31 error argv "C:\\Program Files\\nodejs\\node.exe" "C:\\Program Files\\nodejs\\node_modules\\npm\\bin\\npm-cli.js" "install" "r.js" "-g"
32 error node v6.10.0
33 error npm  v3.10.10
34 error path C:\Users\ADMINI~1\AppData\Local\Temp\npm-11248-3cb5cc3f\unpack-22dd9828\package.json
35 error code ENOENT
36 error errno -4058
37 error syscall open
38 error enoent ENOENT: no such file or directory, open 'C:\Users\ADMINI~1\AppData\Local\Temp\npm-11248-3cb5cc3f\unpack-22dd9828\package.json'
39 error enoent ENOENT: no such file or directory, open 'C:\Users\ADMINI~1\AppData\Local\Temp\npm-11248-3cb5cc3f\unpack-22dd9828\package.json'
39 error enoent This is most likely not a problem with npm itself
39 error enoent and is related to npm not being able to find a file.
40 verbose exit [ -4058, true ]
